09:08:58.261 [main] INFO  testCases.TC001_AccountRegistrationTest - ******** Starting TC001_AccountRegistrationTest *******
09:08:58.403 [main] INFO  testCases.TC001_AccountRegistrationTest - Clicked on MyAccount Link
09:08:58.956 [main] INFO  testCases.TC001_AccountRegistrationTest - Clicked on Register Link
09:08:58.960 [main] INFO  testCases.TC001_AccountRegistrationTest - Providing customer details...
09:09:03.057 [main] INFO  testCases.TC001_AccountRegistrationTest - Validating Account Successful Registration message...
09:09:03.125 [main] INFO  testCases.TC001_AccountRegistrationTest - ******** Finished testing TC001_AccountRegistrationTest *******
09:09:08.542 [main] INFO  testCases.TC002_LoginTest - ******** Starting TC002_LoginTest *******
09:09:08.681 [main] INFO  testCases.TC002_LoginTest - Clicked on MyAccount Link
09:09:09.253 [main] INFO  testCases.TC002_LoginTest - Clicked on Login Link
09:09:09.253 [main] INFO  testCases.TC002_LoginTest - Providing login info...
09:09:10.109 [main] INFO  testCases.TC002_LoginTest - Validating Account Successful Login...
09:09:10.739 [main] INFO  testCases.TC002_LoginTest - ******** Finished testing TC002_LoginTest *******
09:16:27.747 [main] INFO  testCases.TC001_AccountRegistrationTest - ******** Starting TC001_AccountRegistrationTest *******
09:16:27.888 [main] INFO  testCases.TC001_AccountRegistrationTest - Clicked on MyAccount Link
09:16:28.408 [main] INFO  testCases.TC001_AccountRegistrationTest - Clicked on Register Link
09:16:28.412 [main] INFO  testCases.TC001_AccountRegistrationTest - Providing customer details...
09:16:32.420 [main] INFO  testCases.TC001_AccountRegistrationTest - Validating Account Successful Registration message...
09:16:32.489 [main] INFO  testCases.TC001_AccountRegistrationTest - ******** Finished testing TC001_AccountRegistrationTest *******
09:16:37.914 [main] INFO  testCases.TC002_LoginTest - ******** Starting TC002_LoginTest *******
09:16:38.050 [main] INFO  testCases.TC002_LoginTest - Clicked on MyAccount Link
09:16:38.538 [main] INFO  testCases.TC002_LoginTest - Clicked on Login Link
09:16:38.539 [main] INFO  testCases.TC002_LoginTest - Providing login info...
09:16:39.537 [main] INFO  testCases.TC002_LoginTest - Validating Account Successful Login...
18:51:14.392 [main] INFO  testCases.TC001_AccountRegistrationTest - ******** Starting TC001_AccountRegistrationTest *******
18:51:14.568 [main] INFO  testCases.TC001_AccountRegistrationTest - Clicked on MyAccount Link
18:51:15.741 [main] INFO  testCases.TC001_AccountRegistrationTest - Clicked on Register Link
18:51:15.747 [main] INFO  testCases.TC001_AccountRegistrationTest - Providing customer details...
18:51:20.495 [main] INFO  testCases.TC001_AccountRegistrationTest - Validating Account Successful Registration message...
18:51:20.587 [main] INFO  testCases.TC001_AccountRegistrationTest - ******** Finished testing TC001_AccountRegistrationTest *******
18:51:26.158 [main] INFO  testCases.TC002_LoginTest - ******** Starting TC002_LoginTest *******
18:51:26.286 [main] INFO  testCases.TC002_LoginTest - Clicked on MyAccount Link
18:51:27.043 [main] INFO  testCases.TC002_LoginTest - Clicked on Login Link
18:51:27.044 [main] INFO  testCases.TC002_LoginTest - Providing login info...
18:51:28.445 [main] INFO  testCases.TC002_LoginTest - Validating Account Successful Login...
18:51:29.355 [main] INFO  testCases.TC002_LoginTest - ******** Finished testing TC002_LoginTest *******
18:58:54.037 [main] INFO  testCases.TC001_AccountRegistrationTest - ******** Starting TC001_AccountRegistrationTest *******
18:58:54.185 [main] INFO  testCases.TC001_AccountRegistrationTest - Clicked on MyAccount Link
18:58:54.962 [main] INFO  testCases.TC001_AccountRegistrationTest - Clicked on Register Link
18:58:54.967 [main] INFO  testCases.TC001_AccountRegistrationTest - Providing customer details...
18:58:59.095 [main] INFO  testCases.TC001_AccountRegistrationTest - Validating Account Successful Registration message...
18:58:59.169 [main] INFO  testCases.TC001_AccountRegistrationTest - ******** Finished testing TC001_AccountRegistrationTest *******
18:59:03.241 [main] INFO  testCases.TC002_LoginTest - ******** Starting TC002_LoginTest *******
18:59:03.405 [main] INFO  testCases.TC002_LoginTest - Clicked on MyAccount Link
18:59:04.158 [main] INFO  testCases.TC002_LoginTest - Clicked on Login Link
18:59:04.158 [main] INFO  testCases.TC002_LoginTest - Providing login info...
18:59:05.037 [main] INFO  testCases.TC002_LoginTest - Validating Account Successful Login...
18:59:05.872 [main] INFO  testCases.TC002_LoginTest - ******** Finished testing TC002_LoginTest *******
19:01:22.916 [TestNG-tests-1] INFO  testCases.TC001_AccountRegistrationTest - ******** Starting TC001_AccountRegistrationTest *******
19:01:23.086 [TestNG-tests-1] INFO  testCases.TC001_AccountRegistrationTest - Clicked on MyAccount Link
19:01:24.132 [TestNG-tests-1] INFO  testCases.TC001_AccountRegistrationTest - Clicked on Register Link
