18:38:13.939 [main] DEBUG org.testng.TestNG - suiteXmlPath: "C:\JavaSelenium\HybridFramework\master.xml"
18:38:25.066 [main] INFO  testCases.TC001_AccountRegistrationTest - ******** Starting TC001_AccountRegistrationTest *******
18:38:25.245 [main] INFO  testCases.TC001_AccountRegistrationTest - Clicked on MyAccount Link
18:38:26.333 [main] INFO  testCases.TC001_AccountRegistrationTest - Clicked on Register Link
18:38:26.339 [main] INFO  testCases.TC001_AccountRegistrationTest - Providing customer details...
18:38:30.939 [main] INFO  testCases.TC001_AccountRegistrationTest - Validating Account Successful Registration message...
18:38:30.987 [main] INFO  testCases.TC001_AccountRegistrationTest - ******** Finished testing TC001_AccountRegistrationTest *******
18:38:34.863 [main] INFO  testCases.TC002_LoginTest - ******** Starting TC002_LoginTest *******
18:38:34.996 [main] INFO  testCases.TC002_LoginTest - Clicked on MyAccount Link
18:38:35.633 [main] INFO  testCases.TC002_LoginTest - Clicked on Login Link
18:38:35.635 [main] INFO  testCases.TC002_LoginTest - Providing login info...
18:38:36.887 [main] INFO  testCases.TC002_LoginTest - Validating Account Successful Login...
18:38:37.697 [main] INFO  testCases.TC002_LoginTest - ******** Finished testing TC002_LoginTest *******
19:03:52.227 [main] DEBUG org.testng.TestNG - suiteXmlPath: "C:\JavaSelenium\HybridFramework\master.xml"
19:03:56.037 [main] INFO  testCases.TC001_AccountRegistrationTest - ******** Starting TC001_AccountRegistrationTest *******
19:03:56.226 [main] INFO  testCases.TC001_AccountRegistrationTest - Clicked on MyAccount Link
19:03:56.879 [main] INFO  testCases.TC001_AccountRegistrationTest - Clicked on Register Link
19:03:56.885 [main] INFO  testCases.TC001_AccountRegistrationTest - Providing customer details...
19:04:01.219 [main] INFO  testCases.TC001_AccountRegistrationTest - Validating Account Successful Registration message...
19:04:01.292 [main] INFO  testCases.TC001_AccountRegistrationTest - ******** Finished testing TC001_AccountRegistrationTest *******
19:04:05.122 [main] INFO  testCases.TC002_LoginTest - ******** Starting TC002_LoginTest *******
19:04:05.277 [main] INFO  testCases.TC002_LoginTest - Clicked on MyAccount Link
19:04:05.833 [main] INFO  testCases.TC002_LoginTest - Clicked on Login Link
19:04:05.833 [main] INFO  testCases.TC002_LoginTest - Providing login info...
19:04:06.920 [main] INFO  testCases.TC002_LoginTest - Validating Account Successful Login...
19:04:07.729 [main] INFO  testCases.TC002_LoginTest - ******** Finished testing TC002_LoginTest *******
19:12:24.171 [main] DEBUG org.testng.TestNG - suiteXmlPath: "C:\JavaSelenium\HybridFramework\master.xml"
19:12:28.102 [main] INFO  testCases.TC001_AccountRegistrationTest - ******** Starting TC001_AccountRegistrationTest *******
19:12:28.261 [main] INFO  testCases.TC001_AccountRegistrationTest - Clicked on MyAccount Link
19:12:28.931 [main] INFO  testCases.TC001_AccountRegistrationTest - Clicked on Register Link
19:12:28.937 [main] INFO  testCases.TC001_AccountRegistrationTest - Providing customer details...
19:12:32.671 [main] INFO  testCases.TC001_AccountRegistrationTest - Validating Account Successful Registration message...
19:12:32.754 [main] INFO  testCases.TC001_AccountRegistrationTest - ******** Finished testing TC001_AccountRegistrationTest *******
19:12:36.671 [main] INFO  testCases.TC002_LoginTest - ******** Starting TC002_LoginTest *******
19:12:36.859 [main] INFO  testCases.TC002_LoginTest - Clicked on MyAccount Link
19:12:37.432 [main] INFO  testCases.TC002_LoginTest - Clicked on Login Link
19:12:37.433 [main] INFO  testCases.TC002_LoginTest - Providing login info...
19:12:38.513 [main] INFO  testCases.TC002_LoginTest - Validating Account Successful Login...
19:12:39.289 [main] INFO  testCases.TC002_LoginTest - ******** Finished testing TC002_LoginTest *******
19:12:54.260 [main] DEBUG org.testng.TestNG - suiteXmlPath: "C:\JavaSelenium\HybridFramework\master.xml"
19:12:58.188 [main] INFO  testCases.TC001_AccountRegistrationTest - ******** Starting TC001_AccountRegistrationTest *******
19:12:58.356 [main] INFO  testCases.TC001_AccountRegistrationTest - Clicked on MyAccount Link
19:12:58.947 [main] INFO  testCases.TC001_AccountRegistrationTest - Clicked on Register Link
19:12:58.951 [main] INFO  testCases.TC001_AccountRegistrationTest - Providing customer details...
19:13:02.998 [main] INFO  testCases.TC001_AccountRegistrationTest - Validating Account Successful Registration message...
19:13:03.057 [main] INFO  testCases.TC001_AccountRegistrationTest - ******** Finished testing TC001_AccountRegistrationTest *******
19:13:06.948 [main] INFO  testCases.TC002_LoginTest - ******** Starting TC002_LoginTest *******
19:13:07.084 [main] INFO  testCases.TC002_LoginTest - Clicked on MyAccount Link
19:13:07.654 [main] INFO  testCases.TC002_LoginTest - Clicked on Login Link
19:13:07.656 [main] INFO  testCases.TC002_LoginTest - Providing login info...
